<?xml version="1.0" encoding="UTF-8"?>
<testsuite xmlns:xsi="http://www.w3.org/2001/XMLSchema-instance" xsi:noNamespaceSchemaLocation="https://maven.apache.org/surefire/maven-surefire-plugin/xsd/surefire-test-report.xsd" name="org.banking.CustomerTest" time="0.004" tests="12" errors="0" skipped="0" failures="0">
  <properties>
[...]
</properties>
  <testcase name="testGetAccount" classname="org.banking.CustomerTest" time="0"/>
  <testcase name="testAddDuplicateAccount" classname="org.banking.CustomerTest" time="0"/>
  <testcase name="testVerifyCustomerSuccess" classname="org.banking.CustomerTest" time="0"/>
  <testcase name="testToStringContainsName" classname="org.banking.CustomerTest" time="0"/>
  <testcase name="testAddNullAccount" classname="org.banking.CustomerTest" time="0"/>
  <testcase name="testAddValidAccount" classname="org.banking.CustomerTest" time="0"/>
  <testcase name="testAddAccountWithWrongCustomerId" classname="org.banking.CustomerTest" time="0"/>
  <testcase name="testVerifyCustomerFail" classname="org.banking.CustomerTest" time="0"/>
  <testcase name="testGetTotalBalance" classname="org.banking.CustomerTest" time="0"/>
  <testcase name="testGetActiveAccounts" classname="org.banking.CustomerTest" time="0"/>
  <testcase name="testRemoveAccount" classname="org.banking.CustomerTest" time="0"/>
  <testcase name="testGetAccountBalance" classname="org.banking.CustomerTest" time="0"/>
</testsuite>